0 verbose cli C:\Program Files\nodejs\node.exe C:\Program Files\nodejs\node_modules\npm\bin\npm-cli.js
1 info using npm@11.6.2
2 info using node@v24.11.1
3 silly config load:file:C:\Program Files\nodejs\node_modules\npm\npmrc
4 silly config load:file:C:\react\dashboard-parkinson\.npmrc
5 silly config load:file:C:\Users\kekko\.npmrc
6 silly config load:file:C:\Users\kekko\AppData\Roaming\npm\etc\npmrc
7 verbose title npm install react-router-dom
8 verbose argv "install" "react-router-dom" "--cache" "c:\\react\\npm-cache"
9 verbose logfile logs-max:10 dir:c:\react\npm-cache\_logs\2026-02-17T11_45_31_879Z-
10 verbose logfile c:\react\npm-cache\_logs\2026-02-17T11_45_31_879Z-debug-0.log
11 silly logfile done cleaning log files
12 silly packumentCache heap:4496293888 maxSize:1124073472 maxEntrySize:562036736
13 silly idealTree buildDeps
14 silly fetch manifest react-router-dom@^7.1.0
15 silly packumentCache full:https://registry.npmjs.org/react-router-dom cache-miss
16 http fetch GET 200 https://registry.npmjs.org/npm 240ms
17 http fetch GET 200 https://registry.npmjs.org/react-router-dom 176ms (cache miss)
18 silly packumentCache full:https://registry.npmjs.org/react-router-dom set size:undefined disposed:false
19 silly fetch manifest react@^19.2.0
20 silly packumentCache full:https://registry.npmjs.org/react cache-miss
21 http fetch GET 200 https://registry.npmjs.org/react 114ms (cache miss)
22 silly packumentCache full:https://registry.npmjs.org/react set size:undefined disposed:false
23 silly fetch manifest react-dom@^19.2.0
24 silly packumentCache full:https://registry.npmjs.org/react-dom cache-miss
25 http fetch GET 200 https://registry.npmjs.org/react-dom 144ms (cache miss)
26 silly packumentCache full:https://registry.npmjs.org/react-dom set size:undefined disposed:false
27 silly placeDep ROOT react-router-dom@7.13.0 OK for: dashboard-parkinson@0.0.0 want: ^7.1.0
28 silly fetch manifest react-router@7.13.0
29 silly packumentCache full:https://registry.npmjs.org/react-router cache-miss
30 http fetch GET 200 https://registry.npmjs.org/react-router 160ms (cache miss)
31 silly packumentCache full:https://registry.npmjs.org/react-router set size:undefined disposed:false
32 silly fetch manifest react@>=18
33 silly packumentCache full:https://registry.npmjs.org/react cache-miss
34 http cache https://registry.npmjs.org/react 26ms (cache hit)
35 silly packumentCache full:https://registry.npmjs.org/react set size:6488281 disposed:false
36 silly fetch manifest react-dom@>=18
37 silly packumentCache full:https://registry.npmjs.org/react-dom cache-miss
38 http cache https://registry.npmjs.org/react-dom 26ms (cache hit)
39 silly packumentCache full:https://registry.npmjs.org/react-dom set size:8590507 disposed:false
40 silly placeDep ROOT react-router@7.13.0 OK for: react-router-dom@7.13.0 want: 7.13.0
41 silly fetch manifest cookie@^1.0.1
42 silly packumentCache full:https://registry.npmjs.org/cookie cache-miss
43 silly fetch manifest set-cookie-parser@^2.6.0
44 silly packumentCache full:https://registry.npmjs.org/set-cookie-parser cache-miss
45 http fetch GET 200 https://registry.npmjs.org/cookie 42ms (cache miss)
46 silly packumentCache full:https://registry.npmjs.org/cookie set size:undefined disposed:false
47 http fetch GET 200 https://registry.npmjs.org/set-cookie-parser 45ms (cache miss)
48 silly packumentCache full:https://registry.npmjs.org/set-cookie-parser set size:undefined disposed:false
49 silly placeDep ROOT cookie@1.1.1 OK for: react-router@7.13.0 want: ^1.0.1
50 silly placeDep ROOT set-cookie-parser@2.7.2 OK for: react-router@7.13.0 want: ^2.6.0
51 silly reify moves {}
52 silly audit bulk request {
52 silly audit   '@alloc/quick-lru': [ '5.2.0' ],
52 silly audit   '@babel/code-frame': [ '7.29.0' ],
52 silly audit   '@babel/compat-data': [ '7.29.0' ],
52 silly audit   '@babel/core': [ '7.29.0' ],
52 silly audit   '@babel/generator': [ '7.29.1' ],
52 silly audit   '@babel/helper-compilation-targets': [ '7.28.6' ],
52 silly audit   '@babel/helper-globals': [ '7.28.0' ],
52 silly audit   '@babel/helper-module-imports': [ '7.28.6' ],
52 silly audit   '@babel/helper-module-transforms': [ '7.28.6' ],
52 silly audit   '@babel/helper-plugin-utils': [ '7.28.6' ],
52 silly audit   '@babel/helper-string-parser': [ '7.27.1' ],
52 silly audit   '@babel/helper-validator-identifier': [ '7.28.5' ],
52 silly audit   '@babel/helper-validator-option': [ '7.27.1' ],
52 silly audit   '@babel/helpers': [ '7.28.6' ],
52 silly audit   '@babel/parser': [ '7.29.0' ],
52 silly audit   '@babel/plugin-transform-react-jsx-self': [ '7.27.1' ],
52 silly audit   '@babel/plugin-transform-react-jsx-source': [ '7.27.1' ],
52 silly audit   '@babel/template': [ '7.28.6' ],
52 silly audit   '@babel/traverse': [ '7.29.0' ],
52 silly audit   '@babel/types': [ '7.29.0' ],
52 silly audit   '@esbuild/aix-ppc64': [ '0.27.3' ],
52 silly audit   '@esbuild/android-arm': [ '0.27.3' ],
52 silly audit   '@esbuild/android-arm64': [ '0.27.3' ],
52 silly audit   '@esbuild/android-x64': [ '0.27.3' ],
52 silly audit   '@esbuild/darwin-arm64': [ '0.27.3' ],
52 silly audit   '@esbuild/darwin-x64': [ '0.27.3' ],
52 silly audit   '@esbuild/freebsd-arm64': [ '0.27.3' ],
52 silly audit   '@esbuild/freebsd-x64': [ '0.27.3' ],
52 silly audit   '@esbuild/linux-arm': [ '0.27.3' ],
52 silly audit   '@esbuild/linux-arm64': [ '0.27.3' ],
52 silly audit   '@esbuild/linux-ia32': [ '0.27.3' ],
52 silly audit   '@esbuild/linux-loong64': [ '0.27.3' ],
52 silly audit   '@esbuild/linux-mips64el': [ '0.27.3' ],
52 silly audit   '@esbuild/linux-ppc64': [ '0.27.3' ],
52 silly audit   '@esbuild/linux-riscv64': [ '0.27.3' ],
52 silly audit   '@esbuild/linux-s390x': [ '0.27.3' ],
52 silly audit   '@esbuild/linux-x64': [ '0.27.3' ],
52 silly audit   '@esbuild/netbsd-arm64': [ '0.27.3' ],
52 silly audit   '@esbuild/netbsd-x64': [ '0.27.3' ],
52 silly audit   '@esbuild/openbsd-arm64': [ '0.27.3' ],
52 silly audit   '@esbuild/openbsd-x64': [ '0.27.3' ],
52 silly audit   '@esbuild/openharmony-arm64': [ '0.27.3' ],
52 silly audit   '@esbuild/sunos-x64': [ '0.27.3' ],
52 silly audit   '@esbuild/win32-arm64': [ '0.27.3' ],
52 silly audit   '@esbuild/win32-ia32': [ '0.27.3' ],
52 silly audit   '@esbuild/win32-x64': [ '0.27.3' ],
52 silly audit   '@eslint-community/eslint-utils': [ '4.9.1' ],
52 silly audit   'eslint-visitor-keys': [ '3.4.3', '5.0.0', '4.2.1' ],
52 silly audit   '@eslint-community/regexpp': [ '4.12.2' ],
52 silly audit   '@eslint/config-array': [ '0.21.1' ],
52 silly audit   '@eslint/config-helpers': [ '0.4.2' ],
52 silly audit   '@eslint/core': [ '0.17.0' ],
52 silly audit   '@eslint/eslintrc': [ '3.3.3' ],
52 silly audit   globals: [ '14.0.0', '16.5.0' ],
52 silly audit   '@eslint/js': [ '9.39.2' ],
52 silly audit   '@eslint/object-schema': [ '2.1.7' ],
52 silly audit   '@eslint/plugin-kit': [ '0.4.1' ],
52 silly audit   '@humanfs/core': [ '0.19.1' ],
52 silly audit   '@humanfs/node': [ '0.16.7' ],
52 silly audit   '@humanwhocodes/module-importer': [ '1.0.1' ],
52 silly audit   '@humanwhocodes/retry': [ '0.4.3' ],
52 silly audit   '@jridgewell/gen-mapping': [ '0.3.13' ],
52 silly audit   '@jridgewell/remapping': [ '2.3.5' ],
52 silly audit   '@jridgewell/resolve-uri': [ '3.1.2' ],
52 silly audit   '@jridgewell/sourcemap-codec': [ '1.5.5' ],
52 silly audit   '@jridgewell/trace-mapping': [ '0.3.31' ],
52 silly audit   '@nodelib/fs.scandir': [ '2.1.5' ],
52 silly audit   '@nodelib/fs.stat': [ '2.0.5' ],
52 silly audit   '@nodelib/fs.walk': [ '1.2.8' ],
52 silly audit   '@rolldown/pluginutils': [ '1.0.0-rc.3' ],
52 silly audit   '@rollup/rollup-android-arm-eabi': [ '4.57.1' ],
52 silly audit   '@rollup/rollup-android-arm64': [ '4.57.1' ],
52 silly audit   '@rollup/rollup-darwin-arm64': [ '4.57.1' ],
52 silly audit   '@rollup/rollup-darwin-x64': [ '4.57.1' ],
52 silly audit   '@rollup/rollup-freebsd-arm64': [ '4.57.1' ],
52 silly audit   '@rollup/rollup-freebsd-x64': [ '4.57.1' ],
52 silly audit   '@rollup/rollup-linux-arm-gnueabihf': [ '4.57.1' ],
52 silly audit   '@rollup/rollup-linux-arm-musleabihf': [ '4.57.1' ],
52 silly audit   '@rollup/rollup-linux-arm64-gnu': [ '4.57.1' ],
52 silly audit   '@rollup/rollup-linux-arm64-musl': [ '4.57.1' ],
52 silly audit   '@rollup/rollup-linux-loong64-gnu': [ '4.57.1' ],
52 silly audit   '@rollup/rollup-linux-loong64-musl': [ '4.57.1' ],
52 silly audit   '@rollup/rollup-linux-ppc64-gnu': [ '4.57.1' ],
52 silly audit   '@rollup/rollup-linux-ppc64-musl': [ '4.57.1' ],
52 silly audit   '@rollup/rollup-linux-riscv64-gnu': [ '4.57.1' ],
52 silly audit   '@rollup/rollup-linux-riscv64-musl': [ '4.57.1' ],
52 silly audit   '@rollup/rollup-linux-s390x-gnu': [ '4.57.1' ],
52 silly audit   '@rollup/rollup-linux-x64-gnu': [ '4.57.1' ],
52 silly audit   '@rollup/rollup-linux-x64-musl': [ '4.57.1' ],
52 silly audit   '@rollup/rollup-openbsd-x64': [ '4.57.1' ],
52 silly audit   '@rollup/rollup-openharmony-arm64': [ '4.57.1' ],
52 silly audit   '@rollup/rollup-win32-arm64-msvc': [ '4.57.1' ],
52 silly audit   '@rollup/rollup-win32-ia32-msvc': [ '4.57.1' ],
52 silly audit   '@rollup/rollup-win32-x64-gnu': [ '4.57.1' ],
52 silly audit   '@rollup/rollup-win32-x64-msvc': [ '4.57.1' ],
52 silly audit   '@types/babel__core': [ '7.20.5' ],
52 silly audit   '@types/babel__generator': [ '7.27.0' ],
52 silly audit   '@types/babel__template': [ '7.4.4' ],
52 silly audit   '@types/babel__traverse': [ '7.28.0' ],
52 silly audit   '@types/estree': [ '1.0.8' ],
52 silly audit   '@types/json-schema': [ '7.0.15' ],
52 silly audit   '@types/node': [ '24.10.13' ],
52 silly audit   '@types/react': [ '19.2.14' ],
52 silly audit   '@types/react-dom': [ '19.2.3' ],
52 silly audit   '@typescript-eslint/eslint-plugin': [ '8.56.0' ],
52 silly audit   ignore: [ '7.0.5', '5.3.2' ],
52 silly audit   '@typescript-eslint/parser': [ '8.56.0' ],
52 silly audit   '@typescript-eslint/project-service': [ '8.56.0' ],
52 silly audit   '@typescript-eslint/scope-manager': [ '8.56.0' ],
52 silly audit   '@typescript-eslint/tsconfig-utils': [ '8.56.0' ],
52 silly audit   '@typescript-eslint/type-utils': [ '8.56.0' ],
52 silly audit   '@typescript-eslint/types': [ '8.56.0' ],
52 silly audit   '@typescript-eslint/typescript-estree': [ '8.56.0' ],
52 silly audit   'brace-expansion': [ '2.0.2', '1.1.12' ],
52 silly audit   minimatch: [ '9.0.5', '3.1.2' ],
52 silly audit   semver: [ '7.7.4', '6.3.1' ],
52 silly audit   '@typescript-eslint/utils': [ '8.56.0' ],
52 silly audit   '@typescript-eslint/visitor-keys': [ '8.56.0' ],
52 silly audit   '@vitejs/plugin-react': [ '5.1.4' ],
52 silly audit   acorn: [ '8.15.0' ],
52 silly audit   'acorn-jsx': [ '5.3.2' ],
52 silly audit   ajv: [ '6.12.6' ],
52 silly audit   'ansi-styles': [ '4.3.0' ],
52 silly audit   'any-promise': [ '1.3.0' ],
52 silly audit   anymatch: [ '3.1.3' ],
52 silly audit   picomatch: [ '2.3.1', '4.0.3' ],
52 silly audit   arg: [ '5.0.2' ],
52 silly audit   argparse: [ '2.0.1' ],
52 silly audit   autoprefixer: [ '10.4.24' ],
52 silly audit   'balanced-match': [ '1.0.2' ],
52 silly audit   'baseline-browser-mapping': [ '2.9.19' ],
52 silly audit   'binary-extensions': [ '2.3.0' ],
52 silly audit   braces: [ '3.0.3' ],
52 silly audit   browserslist: [ '4.28.1' ],
52 silly audit   callsites: [ '3.1.0' ],
52 silly audit   'camelcase-css': [ '2.0.1' ],
52 silly audit   'caniuse-lite': [ '1.0.30001770' ],
52 silly audit   chalk: [ '4.1.2' ],
52 silly audit   chokidar: [ '3.6.0' ],
52 silly audit   'glob-parent': [ '5.1.2', '6.0.2' ],
52 silly audit   'color-convert': [ '2.0.1' ],
52 silly audit   'color-name': [ '1.1.4' ],
52 silly audit   commander: [ '4.1.1' ],
52 silly audit   'concat-map': [ '0.0.1' ],
52 silly audit   'convert-source-map': [ '2.0.0' ],
52 silly audit   'cross-spawn': [ '7.0.6' ],
52 silly audit   cssesc: [ '3.0.0' ],
52 silly audit   csstype: [ '3.2.3' ],
52 silly audit   debug: [ '4.4.3' ],
52 silly audit   'deep-is': [ '0.1.4' ],
52 silly audit   didyoumean: [ '1.2.2' ],
52 silly audit   dlv: [ '1.1.3' ],
52 silly audit   'electron-to-chromium': [ '1.5.286' ],
52 silly audit   esbuild: [ '0.27.3' ],
52 silly audit   escalade: [ '3.2.0' ],
52 silly audit   'escape-string-regexp': [ '4.0.0' ],
52 silly audit   eslint: [ '9.39.2' ],
52 silly audit   'eslint-plugin-react-hooks': [ '7.0.1' ],
52 silly audit   'eslint-plugin-react-refresh': [ '0.4.26' ],
52 silly audit   'eslint-scope': [ '8.4.0' ],
52 silly audit   espree: [ '10.4.0' ],
52 silly audit   esquery: [ '1.7.0' ],
52 silly audit   esrecurse: [ '4.3.0' ],
52 silly audit   estraverse: [ '5.3.0' ],
52 silly audit   esutils: [ '2.0.3' ],
52 silly audit   'fast-deep-equal': [ '3.1.3' ],
52 silly audit   'fast-glob': [ '3.3.3' ],
52 silly audit   'fast-json-stable-stringify': [ '2.1.0' ],
52 silly audit   'fast-levenshtein': [ '2.0.6' ],
52 silly audit   fastq: [ '1.20.1' ],
52 silly audit   fdir: [ '6.5.0' ],
52 silly audit   'file-entry-cache': [ '8.0.0' ],
52 silly audit   'fill-range': [ '7.1.1' ],
52 silly audit   'find-up': [ '5.0.0' ],
52 silly audit   'flat-cache': [ '4.0.1' ],
52 silly audit   flatted: [ '3.3.3' ],
52 silly audit   'fraction.js': [ '5.3.4' ],
52 silly audit   fsevents: [ '2.3.3' ],
52 silly audit   'function-bind': [ '1.1.2' ],
52 silly audit   gensync: [ '1.0.0-beta.2' ],
52 silly audit   'has-flag': [ '4.0.0' ],
52 silly audit   hasown: [ '2.0.2' ],
52 silly audit   'hermes-estree': [ '0.25.1' ],
52 silly audit   'hermes-parser': [ '0.25.1' ],
52 silly audit   'import-fresh': [ '3.3.1' ],
52 silly audit   imurmurhash: [ '0.1.4' ],
52 silly audit   'is-binary-path': [ '2.1.0' ],
52 silly audit   'is-core-module': [ '2.16.1' ],
52 silly audit   'is-extglob': [ '2.1.1' ],
52 silly audit   'is-glob': [ '4.0.3' ],
52 silly audit   'is-number': [ '7.0.0' ],
52 silly audit   isexe: [ '2.0.0' ],
52 silly audit   jiti: [ '1.21.7' ],
52 silly audit   'js-tokens': [ '4.0.0' ],
52 silly audit   'js-yaml': [ '4.1.1' ],
52 silly audit   jsesc: [ '3.1.0' ],
52 silly audit   'json-buffer': [ '3.0.1' ],
52 silly audit   'json-schema-traverse': [ '0.4.1' ],
52 silly audit   'json-stable-stringify-without-jsonify': [ '1.0.1' ],
52 silly audit   json5: [ '2.2.3' ],
52 silly audit   keyv: [ '4.5.4' ],
52 silly audit   levn: [ '0.4.1' ],
52 silly audit   lilconfig: [ '3.1.3' ],
52 silly audit   'lines-and-columns': [ '1.2.4' ],
52 silly audit   'locate-path': [ '6.0.0' ],
52 silly audit   'lodash.merge': [ '4.6.2' ],
52 silly audit   'lru-cache': [ '5.1.1' ],
52 silly audit   merge2: [ '1.4.1' ],
52 silly audit   micromatch: [ '4.0.8' ],
52 silly audit   ms: [ '2.1.3' ],
52 silly audit   mz: [ '2.7.0' ],
52 silly audit   nanoid: [ '3.3.11' ],
52 silly audit   'natural-compare': [ '1.4.0' ],
52 silly audit   'node-releases': [ '2.0.27' ],
52 silly audit   'normalize-path': [ '3.0.0' ],
52 silly audit   'object-assign': [ '4.1.1' ],
52 silly audit   'object-hash': [ '3.0.0' ],
52 silly audit   optionator: [ '0.9.4' ],
52 silly audit   'p-limit': [ '3.1.0' ],
52 silly audit   'p-locate': [ '5.0.0' ],
52 silly audit   'parent-module': [ '1.0.1' ],
52 silly audit   'path-exists': [ '4.0.0' ],
52 silly audit   'path-key': [ '3.1.1' ],
52 silly audit   'path-parse': [ '1.0.7' ],
52 silly audit   picocolors: [ '1.1.1' ],
52 silly audit   pify: [ '2.3.0' ],
52 silly audit   pirates: [ '4.0.7' ],
52 silly audit   postcss: [ '8.5.6' ],
52 silly audit   'postcss-import': [ '15.1.0' ],
52 silly audit   'postcss-js': [ '4.1.0' ],
52 silly audit   'postcss-load-config': [ '4.0.2' ],
52 silly audit   'postcss-nested': [ '6.2.0' ],
52 silly audit   'postcss-selector-parser': [ '6.1.2' ],
52 silly audit   'postcss-value-parser': [ '4.2.0' ],
52 silly audit   'prelude-ls': [ '1.2.1' ],
52 silly audit   punycode: [ '2.3.1' ],
52 silly audit   'queue-microtask': [ '1.2.3' ],
52 silly audit   react: [ '19.2.4' ],
52 silly audit   'react-dom': [ '19.2.4' ],
52 silly audit   'react-refresh': [ '0.18.0' ],
52 silly audit   'read-cache': [ '1.0.0' ],
52 silly audit   readdirp: [ '3.6.0' ],
52 silly audit   resolve: [ '1.22.11' ],
52 silly audit   'resolve-from': [ '4.0.0' ],
52 silly audit   reusify: [ '1.1.0' ],
52 silly audit   rollup: [ '4.57.1' ],
52 silly audit   'run-parallel': [ '1.2.0' ],
52 silly audit   scheduler: [ '0.27.0' ],
52 silly audit   'shebang-command': [ '2.0.0' ],
52 silly audit   'shebang-regex': [ '3.0.0' ],
52 silly audit   'source-map-js': [ '1.2.1' ],
52 silly audit   'strip-json-comments': [ '3.1.1' ],
52 silly audit   sucrase: [ '3.35.1' ],
52 silly audit   'supports-color': [ '7.2.0' ],
52 silly audit   'supports-preserve-symlinks-flag': [ '1.0.0' ],
52 silly audit   tailwindcss: [ '3.4.17' ],
52 silly audit   thenify: [ '3.3.1' ],
52 silly audit   'thenify-all': [ '1.6.0' ],
52 silly audit   tinyglobby: [ '0.2.15' ],
52 silly audit   'to-regex-range': [ '5.0.1' ],
52 silly audit   'ts-api-utils': [ '2.4.0' ],
52 silly audit   'ts-interface-checker': [ '0.1.13' ],
52 silly audit   'type-check': [ '0.4.0' ],
52 silly audit   typescript: [ '5.9.3' ],
52 silly audit   'typescript-eslint': [ '8.56.0' ],
52 silly audit   'undici-types': [ '7.16.0' ],
52 silly audit   'update-browserslist-db': [ '1.2.3' ],
52 silly audit   'uri-js': [ '4.4.1' ],
52 silly audit   'util-deprecate': [ '1.0.2' ],
52 silly audit   vite: [ '7.3.1' ],
52 silly audit   which: [ '2.0.2' ],
52 silly audit   'word-wrap': [ '1.2.5' ],
52 silly audit   yallist: [ '3.1.1' ],
52 silly audit   yaml: [ '2.8.2' ],
52 silly audit   'yocto-queue': [ '0.1.0' ],
52 silly audit   zod: [ '4.3.6' ],
52 silly audit   'zod-validation-error': [ '4.0.2' ],
52 silly audit   'react-router-dom': [ '7.13.0' ],
52 silly audit   'react-router': [ '7.13.0' ],
52 silly audit   cookie: [ '1.1.1' ],
52 silly audit   'set-cookie-parser': [ '2.7.2' ]
52 silly audit }
53 http cache set-cookie-parser@https://registry.npmjs.org/set-cookie-parser/-/set-cookie-parser-2.7.2.tgz 0ms (cache hit)
54 silly tarball no local data for set-cookie-parser@https://registry.npmjs.org/set-cookie-parser/-/set-cookie-parser-2.7.2.tgz. Extracting by manifest.
55 http cache cookie@https://registry.npmjs.org/cookie/-/cookie-1.1.1.tgz 0ms (cache hit)
56 http cache react-router-dom@https://registry.npmjs.org/react-router-dom/-/react-router-dom-7.13.0.tgz 0ms (cache hit)
57 http cache react-router@https://registry.npmjs.org/react-router/-/react-router-7.13.0.tgz 0ms (cache hit)
58 silly tarball no local data for cookie@https://registry.npmjs.org/cookie/-/cookie-1.1.1.tgz. Extracting by manifest.
59 silly tarball no local data for react-router-dom@https://registry.npmjs.org/react-router-dom/-/react-router-dom-7.13.0.tgz. Extracting by manifest.
60 silly tarball no local data for react-router@https://registry.npmjs.org/react-router/-/react-router-7.13.0.tgz. Extracting by manifest.
61 http fetch GET 200 https://registry.npmjs.org/set-cookie-parser/-/set-cookie-parser-2.7.2.tgz 55ms (cache miss)
62 http fetch GET 200 https://registry.npmjs.org/react-router-dom/-/react-router-dom-7.13.0.tgz 122ms (cache miss)
63 http fetch GET 200 https://registry.npmjs.org/cookie/-/cookie-1.1.1.tgz 130ms (cache miss)
64 http fetch POST 200 https://registry.npmjs.org/-/npm/v1/security/advisories/bulk 194ms
65 silly audit report {}
66 http fetch GET 200 https://registry.npmjs.org/react-router/-/react-router-7.13.0.tgz 459ms (cache miss)
67 silly ADD node_modules/set-cookie-parser
68 silly ADD node_modules/cookie
69 silly ADD node_modules/react-router
70 silly ADD node_modules/react-router-dom
71 verbose cwd C:\react\dashboard-parkinson
72 verbose os Windows_NT 10.0.19045
73 verbose node v24.11.1
74 verbose npm  v11.6.2
75 notice
75 notice New [33mminor[39m version of npm available! [33m11.6.2[39m -> [34m11.10.0[39m
75 notice Changelog: [34mhttps://github.com/npm/cli/releases/tag/v11.10.0[39m
75 notice To update run: [4mnpm install -g npm@11.10.0[24m
75 notice  { force: true, Symbol(proc-log.meta): true }
76 verbose exit 0
77 info ok
